<?xml version="1.0" encoding="UTF-8"?>
<testng-results skipped="0" failed="0" total="1" passed="1">
  <reporter-output>
  </reporter-output>
  <suite name="Suite" duration-ms="32" started-at="2016-07-31T02:21:11Z" finished-at="2016-07-31T02:21:11Z">
    <groups>
    </groups>
    <test name="Test" duration-ms="32" started-at="2016-07-31T02:21:11Z" finished-at="2016-07-31T02:21:11Z">
      <class name="com.automation.juiceplus.juiceplus.AppTest">
        <test-method status="PASS" signature="testApp()[pri:0, instance:com.automation.juiceplus.juiceplus.AppTest@2c6a3f77]" name="testApp" duration-ms="16" started-at="2016-07-30T21:21:11Z" finished-at="2016-07-30T21:21:11Z">
          <reporter-output>
          </reporter-output>
        </test-method> <!-- testApp -->
      </class> <!-- com.automation.juiceplus.juiceplus.AppTest -->
    </test> <!-- Test -->
  </suite> <!-- Suite -->
</testng-results>
